Coefficients and Mulliken populations of the atomic orbitals

Eigenvector:   1    (up)

    1 C   s             0.294070   0.165755
          p_y           0.000001   0.000000
          p_z          -0.000003   0.000000
          p_x           0.174454   0.085097

    2 O   s             0.781545   0.736653
          p_y          -0.000000   0.000000
          p_z           0.000001   0.000000
          p_x          -0.044667   0.008766

    3 H   s             0.014040   0.001864

    4 H   s             0.014040   0.001864

Eigenvector:   2    (up)

    1 C   s             0.570672   0.431144
          p_y          -0.000001   0.000000
          p_z           0.000004   0.000000
          p_x          -0.205282   0.074019

    2 O   s            -0.367008   0.091493
          p_y          -0.000001   0.000000
          p_z           0.000006   0.000000
          p_x          -0.308917   0.139165

    3 H   s             0.240143   0.132089

    4 H   s             0.240145   0.132090

Eigenvector:   3    (up)

    1 C   s            -0.000000   0.000000
          p_y           0.511568   0.422760
          p_z          -0.000011   0.000000
          p_x           0.000000   0.000000

    2 O   s            -0.000002   0.000000
          p_y           0.482890   0.287242
          p_z          -0.000010   0.000000
          p_x          -0.000005   0.000000

    3 H   s             0.302185   0.144999

    4 H   s            -0.302185   0.144999

Eigenvector:   4    (up)

    1 C   s            -0.024061   0.001420
          p_y          -0.000002   0.000000
          p_z          -0.000007   0.000000
          p_x           0.423156   0.265694

    2 O   s            -0.294698   0.045221
          p_y          -0.000006   0.000000
          p_z           0.000014   0.000000
          p_x          -0.702157   0.568429

    3 H   s            -0.199100   0.059618

    4 H   s            -0.199100   0.059618

Eigenvector:   5    (up)

    1 C   s            -0.000000   0.000000
          p_y          -0.000011   0.000000
          p_z          -0.547879   0.375184
          p_x          -0.000009   0.000000

    2 O   s            -0.000000   0.000000
          p_y          -0.000015   0.000000
          p_z          -0.741488   0.624816
          p_x          -0.000015   0.000000

    3 H   s            -0.000000   0.000000

    4 H   s            -0.000000   0.000000

Eigenvector:   6    (up)

    1 C   s             0.000000   0.000000
          p_y           0.145526   0.041357
          p_z          -0.000003   0.000000
          p_x          -0.000001   0.000000

    2 O   s            -0.000000   0.000000
          p_y          -0.834705   0.655362
          p_z           0.000017   0.000000
          p_x           0.000005   0.000000

    3 H   s             0.392064   0.151642

    4 H   s            -0.392062   0.151639

Eigenvector:   7    (up)

    1 C   s             0.000001   0.000000
          p_y           0.000018   0.000000
          p_z           0.857396   0.624816
          p_x           0.000015   0.000000

    2 O   s            -0.000000   0.000000
          p_y          -0.000014   0.000000
          p_z          -0.696775   0.375184
          p_x          -0.000013   0.000000

    3 H   s            -0.000001   0.000000

    4 H   s            -0.000001   0.000000

Eigenvector:   8    (up)

    1 C   s            -0.968624   0.233333
          p_y          -0.000028   0.000000
          p_z          -0.000009   0.000000
          p_x           0.602080   0.148676

    2 O   s             0.016045   0.000303
          p_y           0.000008   0.000000
          p_z           0.000001   0.000000
          p_x          -0.081517   0.004852

    3 H   s             0.832833   0.306430

    4 H   s             0.832798   0.306406

Eigenvector:   9    (up)

    1 C   s            -0.000028   0.000000
          p_y           1.102403   0.535883
          p_z          -0.000023   0.000000
          p_x           0.000011   0.000000

    2 O   s             0.000003   0.000000
          p_y          -0.332947   0.057396
          p_z           0.000007   0.000000
          p_x          -0.000005   0.000000

    3 H   s            -0.742919   0.203348

    4 H   s             0.742961   0.203373

Eigenvector:  10    (up)

    1 C   s            -0.752946   0.168347
          p_y          -0.000008   0.000000
          p_z           0.000019   0.000000
          p_x          -1.014275   0.426514

    2 O   s             0.790677   0.126329
          p_y          -0.000002   0.000000
          p_z           0.000016   0.000000
          p_x          -0.883222   0.278789

    3 H   s             0.002147   0.000011

    4 H   s             0.002138   0.000011

